{"D:/Programming/rs-react-app/src/main.tsx": {"path":"D:/Programming/rs-react-app/src/main.tsx","statementMap":{"0":{"start":{"line":8,"column":0},"end":{"line":14,"column":null}}},"fnMap":{},"branchMap":{},"s":{"0":0},"f":{},"b":{}}
,"D:/Programming/rs-react-app/src/app/App.tsx": {"path":"D:/Programming/rs-react-app/src/app/App.tsx","statementMap":{"0":{"start":{"line":10,"column":12},"end":{"line":62,"column":null}},"1":{"start":{"line":11,"column":40},"end":{"line":11,"column":null}},"2":{"start":{"line":12,"column":24},"end":{"line":12,"column":null}},"3":{"start":{"line":14,"column":2},"end":{"line":60,"column":null}},"4":{"start":{"line":20,"column":27},"end":{"line":20,"column":null}},"5":{"start":{"line":25,"column":27},"end":{"line":25,"column":null}},"6":{"start":{"line":39,"column":12},"end":{"line":42,"column":null}},"7":{"start":{"line":49,"column":23},"end":{"line":49,"column":null}},"8":{"start":{"line":51,"column":37},"end":{"line":51,"column":59}},"9":{"start":{"line":56,"column":23},"end":{"line":56,"column":null}},"10":{"start":{"line":58,"column":34},"end":{"line":58,"column":56}}},"fnMap":{"0":{"name":"(anonymous_0)","decl":{"start":{"line":10,"column":12},"end":{"line":10,"column":18}},"loc":{"start":{"line":10,"column":18},"end":{"line":62,"column":null}}},"1":{"name":"(anonymous_1)","decl":{"start":{"line":20,"column":21},"end":{"line":20,"column":27}},"loc":{"start":{"line":20,"column":27},"end":{"line":20,"column":null}}},"2":{"name":"(anonymous_2)","decl":{"start":{"line":25,"column":21},"end":{"line":25,"column":27}},"loc":{"start":{"line":25,"column":27},"end":{"line":25,"column":null}}},"3":{"name":"(anonymous_3)","decl":{"start":{"line":38,"column":27},"end":{"line":38,"column":28}},"loc":{"start":{"line":39,"column":12},"end":{"line":42,"column":null}}},"4":{"name":"(anonymous_4)","decl":{"start":{"line":49,"column":17},"end":{"line":49,"column":23}},"loc":{"start":{"line":49,"column":23},"end":{"line":49,"column":null}}},"5":{"name":"(anonymous_5)","decl":{"start":{"line":51,"column":31},"end":{"line":51,"column":37}},"loc":{"start":{"line":51,"column":37},"end":{"line":51,"column":59}}},"6":{"name":"(anonymous_6)","decl":{"start":{"line":56,"column":17},"end":{"line":56,"column":23}},"loc":{"start":{"line":56,"column":23},"end":{"line":56,"column":null}}},"7":{"name":"(anonymous_7)","decl":{"start":{"line":58,"column":28},"end":{"line":58,"column":34}},"loc":{"start":{"line":58,"column":34},"end":{"line":58,"column":56}}}},"branchMap":{"0":{"loc":{"start":{"line":32,"column":7},"end":{"line":44,"column":null}},"type":"cond-expr","locations":[{"start":{"line":33,"column":8},"end":{"line":35,"column":null}},{"start":{"line":37,"column":8},"end":{"line":44,"column":null}}]}},"s":{"0":1,"1":3,"2":3,"3":3,"4":0,"5":0,"6":1,"7":0,"8":0,"9":0,"10":0},"f":{"0":3,"1":0,"2":0,"3":1,"4":0,"5":0,"6":0,"7":0},"b":{"0":[2,1]}}
,"D:/Programming/rs-react-app/src/components/Forms/ReactHook/index.tsx": {"path":"D:/Programming/rs-react-app/src/components/Forms/ReactHook/index.tsx","statementMap":{"0":{"start":{"line":16,"column":18},"end":{"line":208,"column":null}},"1":{"start":{"line":17,"column":19},"end":{"line":17,"column":null}},"2":{"start":{"line":23,"column":6},"end":{"line":26,"column":null}},"3":{"start":{"line":28,"column":22},"end":{"line":28,"column":null}},"4":{"start":{"line":30,"column":19},"end":{"line":30,"column":null}},"5":{"start":{"line":31,"column":27},"end":{"line":31,"column":null}},"6":{"start":{"line":33,"column":19},"end":{"line":55,"column":null}},"7":{"start":{"line":34,"column":4},"end":{"line":54,"column":null}},"8":{"start":{"line":35,"column":28},"end":{"line":35,"column":null}},"9":{"start":{"line":37,"column":6},"end":{"line":49,"column":null}},"10":{"start":{"line":51,"column":6},"end":{"line":51,"column":null}},"11":{"start":{"line":53,"column":6},"end":{"line":53,"column":null}},"12":{"start":{"line":57,"column":2},"end":{"line":206,"column":null}},"13":{"start":{"line":153,"column":12},"end":{"line":156,"column":null}}},"fnMap":{"0":{"name":"(anonymous_0)","decl":{"start":{"line":16,"column":18},"end":{"line":16,"column":19}},"loc":{"start":{"line":16,"column":49},"end":{"line":208,"column":null}}},"1":{"name":"(anonymous_1)","decl":{"start":{"line":33,"column":19},"end":{"line":33,"column":26}},"loc":{"start":{"line":33,"column":47},"end":{"line":55,"column":null}}},"2":{"name":"(anonymous_2)","decl":{"start":{"line":152,"column":25},"end":{"line":152,"column":26}},"loc":{"start":{"line":153,"column":12},"end":{"line":156,"column":null}}}},"branchMap":{"0":{"loc":{"start":{"line":31,"column":27},"end":{"line":31,"column":null}},"type":"cond-expr","locations":[{"start":{"line":31,"column":38},"end":{"line":31,"column":72}},{"start":{"line":31,"column":72},"end":{"line":31,"column":null}}]}},"s":{"0":2,"1":2,"2":2,"3":2,"4":2,"5":2,"6":2,"7":0,"8":0,"9":0,"10":0,"11":0,"12":2,"13":390},"f":{"0":2,"1":0,"2":390},"b":{"0":[0,2]}}
,"D:/Programming/rs-react-app/src/components/Forms/ReactHook/schema.ts": {"path":"D:/Programming/rs-react-app/src/components/Forms/ReactHook/schema.ts","statementMap":{"0":{"start":{"line":4,"column":15},"end":{"line":38,"column":null}},"1":{"start":{"line":8,"column":74},"end":{"line":8,"column":114}},"2":{"start":{"line":16,"column":6},"end":{"line":16,"column":null}},"3":{"start":{"line":16,"column":18},"end":{"line":16,"column":null}},"4":{"start":{"line":17,"column":23},"end":{"line":17,"column":null}},"5":{"start":{"line":18,"column":6},"end":{"line":18,"column":null}},"6":{"start":{"line":30,"column":6},"end":{"line":30,"column":null}},"7":{"start":{"line":30,"column":31},"end":{"line":30,"column":null}},"8":{"start":{"line":31,"column":6},"end":{"line":31,"column":null}},"9":{"start":{"line":34,"column":6},"end":{"line":34,"column":null}},"10":{"start":{"line":34,"column":31},"end":{"line":34,"column":null}},"11":{"start":{"line":35,"column":6},"end":{"line":35,"column":null}}},"fnMap":{"0":{"name":"(anonymous_0)","decl":{"start":{"line":8,"column":63},"end":{"line":8,"column":64}},"loc":{"start":{"line":8,"column":74},"end":{"line":8,"column":114}}},"1":{"name":"(anonymous_1)","decl":{"start":{"line":15,"column":55},"end":{"line":15,"column":56}},"loc":{"start":{"line":15,"column":66},"end":{"line":19,"column":5}}},"2":{"name":"(anonymous_2)","decl":{"start":{"line":29,"column":62},"end":{"line":29,"column":63}},"loc":{"start":{"line":29,"column":73},"end":{"line":32,"column":5}}},"3":{"name":"(anonymous_3)","decl":{"start":{"line":33,"column":58},"end":{"line":33,"column":59}},"loc":{"start":{"line":33,"column":69},"end":{"line":36,"column":5}}}},"branchMap":{"0":{"loc":{"start":{"line":16,"column":6},"end":{"line":16,"column":null}},"type":"if","locations":[{"start":{"line":16,"column":6},"end":{"line":16,"column":null}},{"start":{},"end":{}}]},"1":{"loc":{"start":{"line":30,"column":6},"end":{"line":30,"column":null}},"type":"if","locations":[{"start":{"line":30,"column":6},"end":{"line":30,"column":null}},{"start":{},"end":{}}]},"2":{"loc":{"start":{"line":30,"column":10},"end":{"line":30,"column":31}},"type":"binary-expr","locations":[{"start":{"line":30,"column":10},"end":{"line":30,"column":20}},{"start":{"line":30,"column":20},"end":{"line":30,"column":31}}]},"3":{"loc":{"start":{"line":34,"column":6},"end":{"line":34,"column":null}},"type":"if","locations":[{"start":{"line":34,"column":6},"end":{"line":34,"column":null}},{"start":{},"end":{}}]},"4":{"loc":{"start":{"line":34,"column":10},"end":{"line":34,"column":31}},"type":"binary-expr","locations":[{"start":{"line":34,"column":10},"end":{"line":34,"column":20}},{"start":{"line":34,"column":20},"end":{"line":34,"column":31}}]}},"s":{"0":2,"1":1,"2":1,"3":1,"4":0,"5":0,"6":1,"7":1,"8":0,"9":1,"10":1,"11":0},"f":{"0":1,"1":1,"2":1,"3":1},"b":{"0":[1,0],"1":[1,0],"2":[1,1],"3":[1,0],"4":[1,1]}}
,"D:/Programming/rs-react-app/src/components/Forms/Uncontrolled/index.tsx": {"path":"D:/Programming/rs-react-app/src/components/Forms/Uncontrolled/index.tsx","statementMap":{"0":{"start":{"line":24,"column":21},"end":{"line":246,"column":null}},"1":{"start":{"line":25,"column":19},"end":{"line":25,"column":null}},"2":{"start":{"line":26,"column":18},"end":{"line":26,"column":null}},"3":{"start":{"line":27,"column":30},"end":{"line":27,"column":null}},"4":{"start":{"line":28,"column":50},"end":{"line":28,"column":null}},"5":{"start":{"line":30,"column":22},"end":{"line":30,"column":null}},"6":{"start":{"line":32,"column":23},"end":{"line":87,"column":null}},"7":{"start":{"line":33,"column":4},"end":{"line":33,"column":null}},"8":{"start":{"line":35,"column":4},"end":{"line":35,"column":null}},"9":{"start":{"line":35,"column":26},"end":{"line":35,"column":null}},"10":{"start":{"line":37,"column":21},"end":{"line":37,"column":null}},"11":{"start":{"line":38,"column":17},"end":{"line":38,"column":null}},"12":{"start":{"line":39,"column":16},"end":{"line":39,"column":null}},"13":{"start":{"line":40,"column":18},"end":{"line":40,"column":null}},"14":{"start":{"line":41,"column":21},"end":{"line":41,"column":null}},"15":{"start":{"line":42,"column":28},"end":{"line":42,"column":null}},"16":{"start":{"line":43,"column":19},"end":{"line":43,"column":null}},"17":{"start":{"line":44,"column":18},"end":{"line":44,"column":null}},"18":{"start":{"line":45,"column":20},"end":{"line":45,"column":null}},"19":{"start":{"line":46,"column":20},"end":{"line":46,"column":null}},"20":{"start":{"line":48,"column":40},"end":{"line":58,"column":null}},"21":{"start":{"line":60,"column":4},"end":{"line":60,"column":null}},"22":{"start":{"line":62,"column":22},"end":{"line":62,"column":null}},"23":{"start":{"line":62,"column":63},"end":{"line":62,"column":82}},"24":{"start":{"line":64,"column":4},"end":{"line":64,"column":null}},"25":{"start":{"line":64,"column":19},"end":{"line":64,"column":null}},"26":{"start":{"line":66,"column":4},"end":{"line":86,"column":null}},"27":{"start":{"line":67,"column":28},"end":{"line":67,"column":null}},"28":{"start":{"line":69,"column":6},"end":{"line":81,"column":null}},"29":{"start":{"line":83,"column":6},"end":{"line":83,"column":null}},"30":{"start":{"line":85,"column":6},"end":{"line":85,"column":null}},"31":{"start":{"line":89,"column":31},"end":{"line":92,"column":null}},"32":{"start":{"line":90,"column":21},"end":{"line":90,"column":null}},"33":{"start":{"line":91,"column":4},"end":{"line":91,"column":null}},"34":{"start":{"line":94,"column":2},"end":{"line":244,"column":null}},"35":{"start":{"line":192,"column":12},"end":{"line":195,"column":null}}},"fnMap":{"0":{"name":"(anonymous_0)","decl":{"start":{"line":24,"column":21},"end":{"line":24,"column":22}},"loc":{"start":{"line":24,"column":55},"end":{"line":246,"column":null}}},"1":{"name":"(anonymous_1)","decl":{"start":{"line":32,"column":23},"end":{"line":32,"column":30}},"loc":{"start":{"line":32,"column":53},"end":{"line":87,"column":null}}},"2":{"name":"(anonymous_2)","decl":{"start":{"line":62,"column":52},"end":{"line":62,"column":53}},"loc":{"start":{"line":62,"column":63},"end":{"line":62,"column":82}}},"3":{"name":"(anonymous_3)","decl":{"start":{"line":89,"column":31},"end":{"line":89,"column":32}},"loc":{"start":{"line":89,"column":75},"end":{"line":92,"column":null}}},"4":{"name":"(anonymous_4)","decl":{"start":{"line":191,"column":25},"end":{"line":191,"column":26}},"loc":{"start":{"line":192,"column":12},"end":{"line":195,"column":null}}}},"branchMap":{"0":{"loc":{"start":{"line":35,"column":4},"end":{"line":35,"column":null}},"type":"if","locations":[{"start":{"line":35,"column":4},"end":{"line":35,"column":null}},{"start":{},"end":{}}]},"1":{"loc":{"start":{"line":64,"column":4},"end":{"line":64,"column":null}},"type":"if","locations":[{"start":{"line":64,"column":4},"end":{"line":64,"column":null}},{"start":{},"end":{}}]}},"s":{"0":2,"1":3,"2":3,"3":3,"4":3,"5":3,"6":3,"7":1,"8":1,"9":0,"10":1,"11":1,"12":1,"13":1,"14":1,"15":1,"16":1,"17":1,"18":1,"19":1,"20":1,"21":1,"22":1,"23":1,"24":1,"25":1,"26":0,"27":0,"28":0,"29":0,"30":0,"31":3,"32":0,"33":0,"34":3,"35":585},"f":{"0":3,"1":1,"2":1,"3":0,"4":585},"b":{"0":[0,1],"1":[1,0]}}
,"D:/Programming/rs-react-app/src/components/Modal/index.tsx": {"path":"D:/Programming/rs-react-app/src/components/Modal/index.tsx","statementMap":{"0":{"start":{"line":7,"column":14},"end":{"line":55,"column":null}},"1":{"start":{"line":8,"column":19},"end":{"line":8,"column":null}},"2":{"start":{"line":10,"column":2},"end":{"line":10,"column":null}},"3":{"start":{"line":12,"column":2},"end":{"line":30,"column":null}},"4":{"start":{"line":13,"column":25},"end":{"line":15,"column":null}},"5":{"start":{"line":14,"column":6},"end":{"line":14,"column":null}},"6":{"start":{"line":14,"column":34},"end":{"line":14,"column":null}},"7":{"start":{"line":17,"column":4},"end":{"line":24,"column":null}},"8":{"start":{"line":18,"column":6},"end":{"line":18,"column":null}},"9":{"start":{"line":19,"column":6},"end":{"line":19,"column":null}},"10":{"start":{"line":21,"column":6},"end":{"line":23,"column":null}},"11":{"start":{"line":22,"column":8},"end":{"line":22,"column":null}},"12":{"start":{"line":26,"column":4},"end":{"line":29,"column":null}},"13":{"start":{"line":27,"column":6},"end":{"line":27,"column":null}},"14":{"start":{"line":28,"column":6},"end":{"line":28,"column":null}},"15":{"start":{"line":32,"column":2},"end":{"line":32,"column":null}},"16":{"start":{"line":32,"column":15},"end":{"line":32,"column":null}},"17":{"start":{"line":34,"column":2},"end":{"line":54,"column":null}}},"fnMap":{"0":{"name":"(anonymous_0)","decl":{"start":{"line":7,"column":14},"end":{"line":7,"column":15}},"loc":{"start":{"line":7,"column":70},"end":{"line":55,"column":null}}},"1":{"name":"(anonymous_1)","decl":{"start":{"line":12,"column":12},"end":{"line":12,"column":18}},"loc":{"start":{"line":12,"column":18},"end":{"line":30,"column":5}}},"2":{"name":"(anonymous_2)","decl":{"start":{"line":13,"column":25},"end":{"line":13,"column":26}},"loc":{"start":{"line":13,"column":51},"end":{"line":15,"column":null}}},"3":{"name":"(anonymous_3)","decl":{"start":{"line":21,"column":17},"end":{"line":21,"column":23}},"loc":{"start":{"line":21,"column":23},"end":{"line":23,"column":9}}},"4":{"name":"(anonymous_4)","decl":{"start":{"line":26,"column":11},"end":{"line":26,"column":17}},"loc":{"start":{"line":26,"column":17},"end":{"line":29,"column":null}}}},"branchMap":{"0":{"loc":{"start":{"line":14,"column":6},"end":{"line":14,"column":null}},"type":"if","locations":[{"start":{"line":14,"column":6},"end":{"line":14,"column":null}},{"start":{},"end":{}}]},"1":{"loc":{"start":{"line":17,"column":4},"end":{"line":24,"column":null}},"type":"if","locations":[{"start":{"line":17,"column":4},"end":{"line":24,"column":null}},{"start":{},"end":{}}]},"2":{"loc":{"start":{"line":32,"column":2},"end":{"line":32,"column":null}},"type":"if","locations":[{"start":{"line":32,"column":2},"end":{"line":32,"column":null}},{"start":{},"end":{}}]}},"s":{"0":2,"1":9,"2":9,"3":9,"4":9,"5":1,"6":1,"7":9,"8":3,"9":3,"10":3,"11":3,"12":9,"13":9,"14":9,"15":9,"16":6,"17":3},"f":{"0":9,"1":9,"2":1,"3":3,"4":9},"b":{"0":[1,0],"1":[3,6],"2":[6,3]}}
,"D:/Programming/rs-react-app/src/components/PasswordStrength/index.tsx": {"path":"D:/Programming/rs-react-app/src/components/PasswordStrength/index.tsx","statementMap":{"0":{"start":{"line":4,"column":25},"end":{"line":20,"column":null}},"1":{"start":{"line":5,"column":2},"end":{"line":5,"column":null}},"2":{"start":{"line":5,"column":14},"end":{"line":5,"column":null}},"3":{"start":{"line":7,"column":2},"end":{"line":18,"column":null}}},"fnMap":{"0":{"name":"(anonymous_0)","decl":{"start":{"line":4,"column":25},"end":{"line":4,"column":26}},"loc":{"start":{"line":4,"column":61},"end":{"line":20,"column":null}}}},"branchMap":{"0":{"loc":{"start":{"line":5,"column":2},"end":{"line":5,"column":null}},"type":"if","locations":[{"start":{"line":5,"column":2},"end":{"line":5,"column":null}},{"start":{},"end":{}}]},"1":{"loc":{"start":{"line":12,"column":49},"end":{"line":12,"column":80}},"type":"cond-expr","locations":[{"start":{"line":12,"column":62},"end":{"line":12,"column":78}},{"start":{"line":12,"column":78},"end":{"line":12,"column":80}}]},"2":{"loc":{"start":{"line":13,"column":49},"end":{"line":13,"column":80}},"type":"cond-expr","locations":[{"start":{"line":13,"column":62},"end":{"line":13,"column":78}},{"start":{"line":13,"column":78},"end":{"line":13,"column":80}}]},"3":{"loc":{"start":{"line":14,"column":49},"end":{"line":14,"column":80}},"type":"cond-expr","locations":[{"start":{"line":14,"column":62},"end":{"line":14,"column":78}},{"start":{"line":14,"column":78},"end":{"line":14,"column":80}}]},"4":{"loc":{"start":{"line":15,"column":49},"end":{"line":15,"column":80}},"type":"cond-expr","locations":[{"start":{"line":15,"column":62},"end":{"line":15,"column":78}},{"start":{"line":15,"column":78},"end":{"line":15,"column":80}}]},"5":{"loc":{"start":{"line":17,"column":44},"end":{"line":17,"column":97}},"type":"cond-expr","locations":[{"start":{"line":17,"column":56},"end":{"line":17,"column":65}},{"start":{"line":17,"column":65},"end":{"line":17,"column":97}}]},"6":{"loc":{"start":{"line":17,"column":65},"end":{"line":17,"column":97}},"type":"cond-expr","locations":[{"start":{"line":17,"column":77},"end":{"line":17,"column":88}},{"start":{"line":17,"column":88},"end":{"line":17,"column":97}}]}},"s":{"0":4,"1":9,"2":5,"3":4},"f":{"0":9},"b":{"0":[5,4],"1":[4,0],"2":[2,2],"3":[2,2],"4":[1,3],"5":[2,2],"6":[1,1]}}
,"D:/Programming/rs-react-app/src/components/SubmitTile/index.tsx": {"path":"D:/Programming/rs-react-app/src/components/SubmitTile/index.tsx","statementMap":{"0":{"start":{"line":5,"column":19},"end":{"line":51,"column":null}},"1":{"start":{"line":6,"column":28},"end":{"line":6,"column":null}},"2":{"start":{"line":8,"column":2},"end":{"line":14,"column":null}},"3":{"start":{"line":9,"column":18},"end":{"line":11,"column":null}},"4":{"start":{"line":10,"column":6},"end":{"line":10,"column":null}},"5":{"start":{"line":13,"column":4},"end":{"line":13,"column":null}},"6":{"start":{"line":13,"column":17},"end":{"line":13,"column":null}},"7":{"start":{"line":16,"column":2},"end":{"line":49,"column":null}}},"fnMap":{"0":{"name":"(anonymous_0)","decl":{"start":{"line":5,"column":19},"end":{"line":5,"column":20}},"loc":{"start":{"line":5,"column":58},"end":{"line":51,"column":null}}},"1":{"name":"(anonymous_1)","decl":{"start":{"line":8,"column":12},"end":{"line":8,"column":18}},"loc":{"start":{"line":8,"column":18},"end":{"line":14,"column":5}}},"2":{"name":"(anonymous_2)","decl":{"start":{"line":9,"column":29},"end":{"line":9,"column":35}},"loc":{"start":{"line":9,"column":35},"end":{"line":11,"column":7}}},"3":{"name":"(anonymous_3)","decl":{"start":{"line":13,"column":11},"end":{"line":13,"column":17}},"loc":{"start":{"line":13,"column":17},"end":{"line":13,"column":null}}}},"branchMap":{"0":{"loc":{"start":{"line":17,"column":38},"end":{"line":17,"column":65}},"type":"cond-expr","locations":[{"start":{"line":17,"column":46},"end":{"line":17,"column":63}},{"start":{"line":17,"column":63},"end":{"line":17,"column":65}}]},"1":{"loc":{"start":{"line":23,"column":7},"end":{"line":29,"column":null}},"type":"binary-expr","locations":[{"start":{"line":23,"column":7},"end":{"line":23,"column":null}},{"start":{"line":24,"column":8},"end":{"line":29,"column":null}}]}},"s":{"0":1,"1":1,"2":1,"3":1,"4":0,"5":1,"6":1,"7":1},"f":{"0":1,"1":1,"2":0,"3":1},"b":{"0":[1,0],"1":[1,0]}}
,"D:/Programming/rs-react-app/src/components/UI/FormField/index.tsx": {"path":"D:/Programming/rs-react-app/src/components/UI/FormField/index.tsx","statementMap":{"0":{"start":{"line":4,"column":25},"end":{"line":18,"column":null}},"1":{"start":{"line":5,"column":2},"end":{"line":16,"column":null}}},"fnMap":{"0":{"name":"(anonymous_0)","decl":{"start":{"line":4,"column":25},"end":{"line":4,"column":26}},"loc":{"start":{"line":4,"column":80},"end":{"line":18,"column":null}}}},"branchMap":{"0":{"loc":{"start":{"line":7,"column":7},"end":{"line":12,"column":null}},"type":"binary-expr","locations":[{"start":{"line":7,"column":7},"end":{"line":7,"column":null}},{"start":{"line":8,"column":8},"end":{"line":12,"column":null}}]},"1":{"loc":{"start":{"line":15,"column":7},"end":{"line":15,"column":null}},"type":"binary-expr","locations":[{"start":{"line":15,"column":7},"end":{"line":15,"column":16}},{"start":{"line":15,"column":16},"end":{"line":15,"column":null}}]}},"s":{"0":3,"1":45},"f":{"0":45},"b":{"0":[45,40],"1":[45,9]}}
,"D:/Programming/rs-react-app/src/hooks/useOutsideClick/index.ts": {"path":"D:/Programming/rs-react-app/src/hooks/useOutsideClick/index.ts","statementMap":{"0":{"start":{"line":3,"column":31},"end":{"line":16,"column":null}},"1":{"start":{"line":4,"column":2},"end":{"line":15,"column":null}},"2":{"start":{"line":5,"column":31},"end":{"line":9,"column":null}},"3":{"start":{"line":6,"column":6},"end":{"line":8,"column":null}},"4":{"start":{"line":7,"column":8},"end":{"line":7,"column":null}},"5":{"start":{"line":11,"column":4},"end":{"line":11,"column":null}},"6":{"start":{"line":12,"column":4},"end":{"line":14,"column":null}},"7":{"start":{"line":13,"column":6},"end":{"line":13,"column":null}}},"fnMap":{"0":{"name":"(anonymous_0)","decl":{"start":{"line":3,"column":31},"end":{"line":3,"column":32}},"loc":{"start":{"line":3,"column":96},"end":{"line":16,"column":null}}},"1":{"name":"(anonymous_1)","decl":{"start":{"line":4,"column":12},"end":{"line":4,"column":18}},"loc":{"start":{"line":4,"column":18},"end":{"line":15,"column":5}}},"2":{"name":"(anonymous_2)","decl":{"start":{"line":5,"column":31},"end":{"line":5,"column":32}},"loc":{"start":{"line":5,"column":54},"end":{"line":9,"column":null}}},"3":{"name":"(anonymous_3)","decl":{"start":{"line":12,"column":11},"end":{"line":12,"column":17}},"loc":{"start":{"line":12,"column":17},"end":{"line":14,"column":null}}}},"branchMap":{"0":{"loc":{"start":{"line":6,"column":6},"end":{"line":8,"column":null}},"type":"if","locations":[{"start":{"line":6,"column":6},"end":{"line":8,"column":null}},{"start":{},"end":{}}]},"1":{"loc":{"start":{"line":6,"column":10},"end":{"line":6,"column":70}},"type":"binary-expr","locations":[{"start":{"line":6,"column":10},"end":{"line":6,"column":25}},{"start":{"line":6,"column":25},"end":{"line":6,"column":70}}]}},"s":{"0":2,"1":9,"2":9,"3":1,"4":1,"5":9,"6":9,"7":9},"f":{"0":9,"1":9,"2":1,"3":9},"b":{"0":[1,0],"1":[1,1]}}
,"D:/Programming/rs-react-app/src/store/index.ts": {"path":"D:/Programming/rs-react-app/src/store/index.ts","statementMap":{"0":{"start":{"line":5,"column":20},"end":{"line":7,"column":null}},"1":{"start":{"line":9,"column":26},"end":{"line":14,"column":null}},"2":{"start":{"line":10,"column":2},"end":{"line":13,"column":null}},"3":{"start":{"line":22,"column":44},"end":{"line":22,"column":null}},"4":{"start":{"line":23,"column":63},"end":{"line":23,"column":null}}},"fnMap":{"0":{"name":"(anonymous_0)","decl":{"start":{"line":9,"column":26},"end":{"line":9,"column":27}},"loc":{"start":{"line":9,"column":67},"end":{"line":14,"column":null}}}},"branchMap":{},"s":{"0":3,"1":3,"2":6,"3":3,"4":3},"f":{"0":6},"b":{}}
,"D:/Programming/rs-react-app/src/store/utils.tsx": {"path":"D:/Programming/rs-react-app/src/store/utils.tsx","statementMap":{"0":{"start":{"line":15,"column":86},"end":{"line":15,"column":null}},"1":{"start":{"line":17,"column":18},"end":{"line":17,"column":null}},"2":{"start":{"line":17,"column":53},"end":{"line":17,"column":null}},"3":{"start":{"line":19,"column":2},"end":{"line":22,"column":null}}},"fnMap":{"0":{"name":"renderWithProviders","decl":{"start":{"line":14,"column":16},"end":{"line":14,"column":36}},"loc":{"start":{"line":14,"column":111},"end":{"line":23,"column":null}}},"1":{"name":"(anonymous_1)","decl":{"start":{"line":17,"column":18},"end":{"line":17,"column":19}},"loc":{"start":{"line":17,"column":53},"end":{"line":17,"column":null}}}},"branchMap":{"0":{"loc":{"start":{"line":14,"column":60},"end":{"line":14,"column":111}},"type":"default-arg","locations":[{"start":{"line":14,"column":107},"end":{"line":14,"column":111}}]},"1":{"loc":{"start":{"line":15,"column":9},"end":{"line":15,"column":30}},"type":"default-arg","locations":[{"start":{"line":15,"column":26},"end":{"line":15,"column":30}}]},"2":{"loc":{"start":{"line":15,"column":30},"end":{"line":15,"column":66}},"type":"default-arg","locations":[{"start":{"line":15,"column":38},"end":{"line":15,"column":66}}]}},"s":{"0":6,"1":6,"2":6,"3":6},"f":{"0":6,"1":6},"b":{"0":[5],"1":[5],"2":[6]}}
,"D:/Programming/rs-react-app/src/store/slices/formSlice.ts": {"path":"D:/Programming/rs-react-app/src/store/slices/formSlice.ts","statementMap":{"0":{"start":{"line":5,"column":32},"end":{"line":204,"column":null}},"1":{"start":{"line":206,"column":18},"end":{"line":217,"column":null}},"2":{"start":{"line":211,"column":6},"end":{"line":211,"column":null}},"3":{"start":{"line":214,"column":6},"end":{"line":214,"column":null}},"4":{"start":{"line":219,"column":49},"end":{"line":219,"column":null}},"5":{"start":{"line":222,"column":28},"end":{"line":222,"column":null}},"6":{"start":{"line":222,"column":50},"end":{"line":222,"column":null}}},"fnMap":{"0":{"name":"(anonymous_0)","decl":{"start":{"line":210,"column":19},"end":{"line":210,"column":20}},"loc":{"start":{"line":210,"column":63},"end":{"line":212,"column":null}}},"1":{"name":"(anonymous_1)","decl":{"start":{"line":213,"column":22},"end":{"line":213,"column":23}},"loc":{"start":{"line":213,"column":33},"end":{"line":215,"column":null}}},"2":{"name":"(anonymous_2)","decl":{"start":{"line":222,"column":28},"end":{"line":222,"column":29}},"loc":{"start":{"line":222,"column":50},"end":{"line":222,"column":null}}}},"branchMap":{},"s":{"0":3,"1":3,"2":0,"3":0,"4":3,"5":3,"6":12},"f":{"0":0,"1":0,"2":12},"b":{}}
,"D:/Programming/rs-react-app/src/utils/toBase64.ts": {"path":"D:/Programming/rs-react-app/src/utils/toBase64.ts","statementMap":{"0":{"start":{"line":1,"column":24},"end":{"line":8,"column":null}},"1":{"start":{"line":2,"column":2},"end":{"line":7,"column":null}},"2":{"start":{"line":3,"column":19},"end":{"line":3,"column":null}},"3":{"start":{"line":4,"column":4},"end":{"line":4,"column":null}},"4":{"start":{"line":5,"column":4},"end":{"line":5,"column":null}},"5":{"start":{"line":5,"column":26},"end":{"line":5,"column":null}},"6":{"start":{"line":6,"column":4},"end":{"line":6,"column":null}},"7":{"start":{"line":6,"column":32},"end":{"line":6,"column":null}}},"fnMap":{"0":{"name":"(anonymous_0)","decl":{"start":{"line":1,"column":24},"end":{"line":1,"column":25}},"loc":{"start":{"line":1,"column":57},"end":{"line":8,"column":null}}},"1":{"name":"(anonymous_1)","decl":{"start":{"line":2,"column":21},"end":{"line":2,"column":22}},"loc":{"start":{"line":2,"column":42},"end":{"line":7,"column":3}}},"2":{"name":"(anonymous_2)","decl":{"start":{"line":5,"column":20},"end":{"line":5,"column":26}},"loc":{"start":{"line":5,"column":26},"end":{"line":5,"column":null}}},"3":{"name":"(anonymous_3)","decl":{"start":{"line":6,"column":21},"end":{"line":6,"column":22}},"loc":{"start":{"line":6,"column":32},"end":{"line":6,"column":null}}}},"branchMap":{},"s":{"0":4,"1":5,"2":5,"3":5,"4":5,"5":4,"6":5,"7":1},"f":{"0":5,"1":5,"2":4,"3":1},"b":{}}
,"D:/Programming/rs-react-app/src/utils/validation.ts": {"path":"D:/Programming/rs-react-app/src/utils/validation.ts","statementMap":{"0":{"start":{"line":3,"column":28},"end":{"line":7,"column":null}},"1":{"start":{"line":4,"column":2},"end":{"line":4,"column":null}},"2":{"start":{"line":4,"column":13},"end":{"line":4,"column":null}},"3":{"start":{"line":5,"column":2},"end":{"line":5,"column":null}},"4":{"start":{"line":5,"column":42},"end":{"line":5,"column":null}},"5":{"start":{"line":6,"column":2},"end":{"line":6,"column":null}},"6":{"start":{"line":9,"column":27},"end":{"line":15,"column":null}},"7":{"start":{"line":10,"column":2},"end":{"line":10,"column":null}},"8":{"start":{"line":10,"column":25},"end":{"line":10,"column":null}},"9":{"start":{"line":11,"column":2},"end":{"line":11,"column":null}},"10":{"start":{"line":11,"column":19},"end":{"line":11,"column":null}},"11":{"start":{"line":12,"column":2},"end":{"line":12,"column":null}},"12":{"start":{"line":12,"column":16},"end":{"line":12,"column":null}},"13":{"start":{"line":13,"column":2},"end":{"line":13,"column":null}},"14":{"start":{"line":13,"column":18},"end":{"line":13,"column":null}},"15":{"start":{"line":14,"column":2},"end":{"line":14,"column":null}},"16":{"start":{"line":17,"column":29},"end":{"line":22,"column":null}},"17":{"start":{"line":18,"column":2},"end":{"line":18,"column":null}},"18":{"start":{"line":18,"column":14},"end":{"line":18,"column":null}},"19":{"start":{"line":19,"column":21},"end":{"line":19,"column":null}},"20":{"start":{"line":20,"column":2},"end":{"line":20,"column":null}},"21":{"start":{"line":20,"column":31},"end":{"line":20,"column":null}},"22":{"start":{"line":21,"column":2},"end":{"line":21,"column":null}},"23":{"start":{"line":24,"column":37},"end":{"line":37,"column":null}},"24":{"start":{"line":25,"column":20},"end":{"line":25,"column":null}},"25":{"start":{"line":26,"column":23},"end":{"line":26,"column":null}},"26":{"start":{"line":27,"column":23},"end":{"line":27,"column":null}},"27":{"start":{"line":28,"column":25},"end":{"line":28,"column":null}},"28":{"start":{"line":30,"column":14},"end":{"line":30,"column":null}},"29":{"start":{"line":31,"column":2},"end":{"line":31,"column":null}},"30":{"start":{"line":31,"column":17},"end":{"line":31,"column":null}},"31":{"start":{"line":32,"column":2},"end":{"line":32,"column":null}},"32":{"start":{"line":32,"column":20},"end":{"line":32,"column":null}},"33":{"start":{"line":33,"column":2},"end":{"line":33,"column":null}},"34":{"start":{"line":33,"column":20},"end":{"line":33,"column":null}},"35":{"start":{"line":34,"column":2},"end":{"line":34,"column":null}},"36":{"start":{"line":34,"column":22},"end":{"line":34,"column":null}},"37":{"start":{"line":36,"column":2},"end":{"line":36,"column":null}},"38":{"start":{"line":39,"column":32},"end":{"line":47,"column":null}},"39":{"start":{"line":40,"column":2},"end":{"line":40,"column":null}},"40":{"start":{"line":40,"column":17},"end":{"line":40,"column":null}},"41":{"start":{"line":41,"column":2},"end":{"line":41,"column":null}},"42":{"start":{"line":41,"column":27},"end":{"line":41,"column":null}},"43":{"start":{"line":43,"column":19},"end":{"line":43,"column":null}},"44":{"start":{"line":44,"column":2},"end":{"line":44,"column":null}},"45":{"start":{"line":44,"column":26},"end":{"line":44,"column":null}},"46":{"start":{"line":46,"column":2},"end":{"line":46,"column":null}},"47":{"start":{"line":49,"column":39},"end":{"line":53,"column":null}},"48":{"start":{"line":50,"column":2},"end":{"line":50,"column":null}},"49":{"start":{"line":50,"column":24},"end":{"line":50,"column":null}},"50":{"start":{"line":51,"column":2},"end":{"line":51,"column":null}},"51":{"start":{"line":51,"column":36},"end":{"line":51,"column":null}},"52":{"start":{"line":52,"column":2},"end":{"line":52,"column":null}},"53":{"start":{"line":55,"column":30},"end":{"line":58,"column":null}},"54":{"start":{"line":56,"column":2},"end":{"line":56,"column":null}},"55":{"start":{"line":56,"column":15},"end":{"line":56,"column":null}},"56":{"start":{"line":57,"column":2},"end":{"line":57,"column":null}},"57":{"start":{"line":60,"column":29},"end":{"line":63,"column":null}},"58":{"start":{"line":61,"column":2},"end":{"line":61,"column":null}},"59":{"start":{"line":61,"column":17},"end":{"line":61,"column":null}},"60":{"start":{"line":62,"column":2},"end":{"line":62,"column":null}},"61":{"start":{"line":65,"column":31},"end":{"line":71,"column":null}},"62":{"start":{"line":66,"column":2},"end":{"line":66,"column":null}},"63":{"start":{"line":66,"column":13},"end":{"line":66,"column":null}},"64":{"start":{"line":67,"column":21},"end":{"line":67,"column":null}},"65":{"start":{"line":68,"column":2},"end":{"line":68,"column":null}},"66":{"start":{"line":68,"column":39},"end":{"line":68,"column":null}},"67":{"start":{"line":69,"column":2},"end":{"line":69,"column":null}},"68":{"start":{"line":69,"column":35},"end":{"line":69,"column":null}},"69":{"start":{"line":70,"column":2},"end":{"line":70,"column":null}},"70":{"start":{"line":73,"column":31},"end":{"line":76,"column":null}},"71":{"start":{"line":74,"column":2},"end":{"line":74,"column":null}},"72":{"start":{"line":74,"column":16},"end":{"line":74,"column":null}},"73":{"start":{"line":75,"column":2},"end":{"line":75,"column":null}}},"fnMap":{"0":{"name":"(anonymous_0)","decl":{"start":{"line":3,"column":28},"end":{"line":3,"column":29}},"loc":{"start":{"line":3,"column":66},"end":{"line":7,"column":null}}},"1":{"name":"(anonymous_1)","decl":{"start":{"line":9,"column":27},"end":{"line":9,"column":28}},"loc":{"start":{"line":9,"column":73},"end":{"line":15,"column":null}}},"2":{"name":"(anonymous_2)","decl":{"start":{"line":17,"column":29},"end":{"line":17,"column":30}},"loc":{"start":{"line":17,"column":68},"end":{"line":22,"column":null}}},"3":{"name":"(anonymous_3)","decl":{"start":{"line":24,"column":37},"end":{"line":24,"column":38}},"loc":{"start":{"line":24,"column":77},"end":{"line":37,"column":null}}},"4":{"name":"(anonymous_4)","decl":{"start":{"line":39,"column":32},"end":{"line":39,"column":33}},"loc":{"start":{"line":39,"column":74},"end":{"line":47,"column":null}}},"5":{"name":"(anonymous_5)","decl":{"start":{"line":49,"column":39},"end":{"line":49,"column":40}},"loc":{"start":{"line":49,"column":106},"end":{"line":53,"column":null}}},"6":{"name":"(anonymous_6)","decl":{"start":{"line":55,"column":30},"end":{"line":55,"column":31}},"loc":{"start":{"line":55,"column":70},"end":{"line":58,"column":null}}},"7":{"name":"(anonymous_7)","decl":{"start":{"line":60,"column":29},"end":{"line":60,"column":30}},"loc":{"start":{"line":60,"column":72},"end":{"line":63,"column":null}}},"8":{"name":"(anonymous_8)","decl":{"start":{"line":65,"column":31},"end":{"line":65,"column":32}},"loc":{"start":{"line":65,"column":74},"end":{"line":71,"column":null}}},"9":{"name":"(anonymous_9)","decl":{"start":{"line":73,"column":31},"end":{"line":73,"column":32}},"loc":{"start":{"line":73,"column":72},"end":{"line":76,"column":null}}}},"branchMap":{"0":{"loc":{"start":{"line":4,"column":2},"end":{"line":4,"column":null}},"type":"if","locations":[{"start":{"line":4,"column":2},"end":{"line":4,"column":null}},{"start":{},"end":{}}]},"1":{"loc":{"start":{"line":5,"column":2},"end":{"line":5,"column":null}},"type":"if","locations":[{"start":{"line":5,"column":2},"end":{"line":5,"column":null}},{"start":{},"end":{}}]},"2":{"loc":{"start":{"line":10,"column":2},"end":{"line":10,"column":null}},"type":"if","locations":[{"start":{"line":10,"column":2},"end":{"line":10,"column":null}},{"start":{},"end":{}}]},"3":{"loc":{"start":{"line":10,"column":6},"end":{"line":10,"column":25}},"type":"binary-expr","locations":[{"start":{"line":10,"column":6},"end":{"line":10,"column":14}},{"start":{"line":10,"column":14},"end":{"line":10,"column":25}}]},"4":{"loc":{"start":{"line":11,"column":2},"end":{"line":11,"column":null}},"type":"if","locations":[{"start":{"line":11,"column":2},"end":{"line":11,"column":null}},{"start":{},"end":{}}]},"5":{"loc":{"start":{"line":12,"column":2},"end":{"line":12,"column":null}},"type":"if","locations":[{"start":{"line":12,"column":2},"end":{"line":12,"column":null}},{"start":{},"end":{}}]},"6":{"loc":{"start":{"line":13,"column":2},"end":{"line":13,"column":null}},"type":"if","locations":[{"start":{"line":13,"column":2},"end":{"line":13,"column":null}},{"start":{},"end":{}}]},"7":{"loc":{"start":{"line":18,"column":2},"end":{"line":18,"column":null}},"type":"if","locations":[{"start":{"line":18,"column":2},"end":{"line":18,"column":null}},{"start":{},"end":{}}]},"8":{"loc":{"start":{"line":20,"column":2},"end":{"line":20,"column":null}},"type":"if","locations":[{"start":{"line":20,"column":2},"end":{"line":20,"column":null}},{"start":{},"end":{}}]},"9":{"loc":{"start":{"line":31,"column":2},"end":{"line":31,"column":null}},"type":"if","locations":[{"start":{"line":31,"column":2},"end":{"line":31,"column":null}},{"start":{},"end":{}}]},"10":{"loc":{"start":{"line":32,"column":2},"end":{"line":32,"column":null}},"type":"if","locations":[{"start":{"line":32,"column":2},"end":{"line":32,"column":null}},{"start":{},"end":{}}]},"11":{"loc":{"start":{"line":33,"column":2},"end":{"line":33,"column":null}},"type":"if","locations":[{"start":{"line":33,"column":2},"end":{"line":33,"column":null}},{"start":{},"end":{}}]},"12":{"loc":{"start":{"line":34,"column":2},"end":{"line":34,"column":null}},"type":"if","locations":[{"start":{"line":34,"column":2},"end":{"line":34,"column":null}},{"start":{},"end":{}}]},"13":{"loc":{"start":{"line":40,"column":2},"end":{"line":40,"column":null}},"type":"if","locations":[{"start":{"line":40,"column":2},"end":{"line":40,"column":null}},{"start":{},"end":{}}]},"14":{"loc":{"start":{"line":41,"column":2},"end":{"line":41,"column":null}},"type":"if","locations":[{"start":{"line":41,"column":2},"end":{"line":41,"column":null}},{"start":{},"end":{}}]},"15":{"loc":{"start":{"line":44,"column":2},"end":{"line":44,"column":null}},"type":"if","locations":[{"start":{"line":44,"column":2},"end":{"line":44,"column":null}},{"start":{},"end":{}}]},"16":{"loc":{"start":{"line":50,"column":2},"end":{"line":50,"column":null}},"type":"if","locations":[{"start":{"line":50,"column":2},"end":{"line":50,"column":null}},{"start":{},"end":{}}]},"17":{"loc":{"start":{"line":51,"column":2},"end":{"line":51,"column":null}},"type":"if","locations":[{"start":{"line":51,"column":2},"end":{"line":51,"column":null}},{"start":{},"end":{}}]},"18":{"loc":{"start":{"line":56,"column":2},"end":{"line":56,"column":null}},"type":"if","locations":[{"start":{"line":56,"column":2},"end":{"line":56,"column":null}},{"start":{},"end":{}}]},"19":{"loc":{"start":{"line":61,"column":2},"end":{"line":61,"column":null}},"type":"if","locations":[{"start":{"line":61,"column":2},"end":{"line":61,"column":null}},{"start":{},"end":{}}]},"20":{"loc":{"start":{"line":66,"column":2},"end":{"line":66,"column":null}},"type":"if","locations":[{"start":{"line":66,"column":2},"end":{"line":66,"column":null}},{"start":{},"end":{}}]},"21":{"loc":{"start":{"line":68,"column":2},"end":{"line":68,"column":null}},"type":"if","locations":[{"start":{"line":68,"column":2},"end":{"line":68,"column":null}},{"start":{},"end":{}}]},"22":{"loc":{"start":{"line":69,"column":2},"end":{"line":69,"column":null}},"type":"if","locations":[{"start":{"line":69,"column":2},"end":{"line":69,"column":null}},{"start":{},"end":{}}]},"23":{"loc":{"start":{"line":74,"column":2},"end":{"line":74,"column":null}},"type":"if","locations":[{"start":{"line":74,"column":2},"end":{"line":74,"column":null}},{"start":{},"end":{}}]}},"s":{"0":4,"1":5,"2":2,"3":3,"4":1,"5":2,"6":4,"7":8,"8":2,"9":6,"10":1,"11":5,"12":1,"13":4,"14":1,"15":3,"16":4,"17":8,"18":2,"19":6,"20":6,"21":4,"22":2,"23":4,"24":9,"25":9,"26":9,"27":9,"28":9,"29":9,"30":4,"31":9,"32":6,"33":9,"34":8,"35":9,"36":2,"37":9,"38":4,"39":7,"40":2,"41":5,"42":1,"43":4,"44":4,"45":2,"46":2,"47":4,"48":4,"49":2,"50":2,"51":1,"52":1,"53":4,"54":5,"55":2,"56":3,"57":4,"58":3,"59":2,"60":1,"61":4,"62":6,"63":1,"64":5,"65":5,"66":2,"67":3,"68":1,"69":2,"70":4,"71":4,"72":2,"73":2},"f":{"0":5,"1":8,"2":8,"3":9,"4":7,"5":4,"6":5,"7":3,"8":6,"9":4},"b":{"0":[2,3],"1":[1,2],"2":[2,6],"3":[8,3],"4":[1,5],"5":[1,4],"6":[1,3],"7":[2,6],"8":[4,2],"9":[4,5],"10":[6,3],"11":[8,1],"12":[2,7],"13":[2,5],"14":[1,4],"15":[2,2],"16":[2,2],"17":[1,1],"18":[2,3],"19":[2,1],"20":[1,5],"21":[2,3],"22":[1,2],"23":[2,2]}}
}
